This file contains any messages produced by compilers while
running configure, to aid debugging if configure makes a mistake.

It was created by anaroot configure 4.5.15, which was
generated by GNU Autoconf 2.69.  Invocation command line was

  $ ./configure --enable-maintainer-mode --prefix=/home/wuhongyi/workgithub/DAQ/VMEDAQ/anaroot

## --------- ##
## Platform. ##
## --------- ##

hostname = wuhongyi-ubuntu
uname -m = x86_64
uname -r = 5.13.0-40-generic
uname -s = Linux
uname -v = #45~20.04.1-Ubuntu SMP Mon Apr 4 09:38:31 UTC 2022

/usr/bin/uname -p = x86_64
/bin/uname -X     = unknown

/bin/arch              = x86_64
/usr/bin/arch -k       = unknown
/usr/convex/getsysinfo = unknown
/usr/bin/hostinfo      = unknown
/bin/machine           = unknown
/usr/bin/oslevel       = unknown
/bin/universe          = unknown

PATH: /opt/texlive/2019/bin/x86_64-linux
PATH: /opt/Geant4/geant41007p02/bin
PATH: /opt/ROOT/root62402/bin
PATH: /usr/local/sbin
PATH: /usr/local/bin
PATH: /usr/sbin
PATH: /usr/bin
PATH: /sbin
PATH: /bin
PATH: /usr/games
PATH: /usr/local/games
PATH: /snap/bin
PATH: /home/wuhongyi/.dotnet/tools
PATH: /opt/RadWare054/bin


## ----------- ##
## Core tests. ##
## ----------- ##

configure:2480: checking for a BSD-compatible install
configure:2548: result: /usr/bin/install -c
configure:2559: checking whether build environment is sane
configure:2614: result: yes
configure:2763: checking for a thread-safe mkdir -p
configure:2802: result: /usr/bin/mkdir -p
configure:2809: checking for gawk
configure:2839: result: no
configure:2809: checking for mawk
configure:2825: found /usr/bin/mawk
configure:2836: result: mawk
configure:2847: checking whether make sets $(MAKE)
configure:2869: result: yes
configure:2898: checking whether make supports nested variables
configure:2915: result: yes
configure:3104: checking build system type
configure:3118: result: x86_64-pc-linux-gnu
configure:3138: checking host system type
configure:3151: result: x86_64-pc-linux-gnu
configure:3192: checking how to print strings
configure:3219: result: printf
configure:3244: checking whether make supports the include directive
configure:3259: make -f confmf.GNU && cat confinc.out
this is the am__doit target
configure:3262: $? = 0
configure:3281: result: yes (GNU style)
configure:3351: checking for gcc
configure:3367: found /usr/bin/gcc
configure:3378: result: gcc
configure:3607: checking for C compiler version
configure:3616: gcc --version >&5
gcc (Ubuntu 9.4.0-1ubuntu1~20.04.1) 9.4.0
Copyright (C) 2019 Free Software Foundation, Inc.
This is free software; see the source for copying conditions.  There is NO
warranty; not even for MERCHANTABILITY or FITNESS FOR A PARTICULAR PURPOSE.

configure:3627: $? = 0
configure:3616: gcc -v >&5
Using built-in specs.
COLLECT_GCC=gcc
COLLECT_LTO_WRAPPER=/usr/lib/gcc/x86_64-linux-gnu/9/lto-wrapper
OFFLOAD_TARGET_NAMES=nvptx-none:hsa
OFFLOAD_TARGET_DEFAULT=1
Target: x86_64-linux-gnu
Configured with: ../src/configure -v --with-pkgversion='Ubuntu 9.4.0-1ubuntu1~20.04.1' --with-bugurl=file:///usr/share/doc/gcc-9/README.Bugs --enable-languages=c,ada,c++,go,brig,d,fortran,objc,obj-c++,gm2 --prefix=/usr --with-gcc-major-version-only --program-suffix=-9 --program-prefix=x86_64-linux-gnu- --enable-shared --enable-linker-build-id --libexecdir=/usr/lib --without-included-gettext --enable-threads=posix --libdir=/usr/lib --enable-nls --enable-clocale=gnu --enable-libstdcxx-debug --enable-libstdcxx-time=yes --with-default-libstdcxx-abi=new --enable-gnu-unique-object --disable-vtable-verify --enable-plugin --enable-default-pie --with-system-zlib --with-target-system-zlib=auto --enable-objc-gc=auto --enable-multiarch --disable-werror --with-arch-32=i686 --with-abi=m64 --with-multilib-list=m32,m64,mx32 --enable-multilib --with-tune=generic --enable-offload-targets=nvptx-none=/build/gcc-9-Av3uEd/gcc-9-9.4.0/debian/tmp-nvptx/usr,hsa --without-cuda-driver --enable-checking=release --build=x86_64-linux-gnu --host=x86_64-linux-gnu --target=x86_64-linux-gnu
Thread model: posix
gcc version 9.4.0 (Ubuntu 9.4.0-1ubuntu1~20.04.1) 
configure:3627: $? = 0
configure:3616: gcc -V >&5
gcc: error: unrecognized command line option '-V'
gcc: fatal error: no input files
compilation terminated.
configure:3627: $? = 1
configure:3616: gcc -qversion >&5
gcc: error: unrecognized command line option '-qversion'; did you mean '--version'?
gcc: fatal error: no input files
compilation terminated.
configure:3627: $? = 1
configure:3647: checking whether the C compiler works
configure:3669: gcc    conftest.c  >&5
configure:3673: $? = 0
configure:3721: result: yes
configure:3724: checking for C compiler default output file name
configure:3726: result: a.out
configure:3732: checking for suffix of executables
configure:3739: gcc -o conftest    conftest.c  >&5
configure:3743: $? = 0
configure:3765: result: 
configure:3787: checking whether we are cross compiling
configure:3795: gcc -o conftest    conftest.c  >&5
configure:3799: $? = 0
configure:3806: ./conftest
configure:3810: $? = 0
configure:3798: result: no
configure:3803: checking for suffix of object files
configure:3825: gcc -c   conftest.c >&5
configure:3829: $? = 0
configure:3850: result: o
configure:3854: checking whether we are using the GNU C compiler
configure:3873: gcc -c   conftest.c >&5
configure:3873: $? = 0
configure:3882: result: yes
configure:3891: checking whether gcc accepts -g
configure:3911: gcc -c -g  conftest.c >&5
configure:3911: $? = 0
configure:3952: result: yes
configure:3969: checking for gcc option to accept ISO C89
configure:4032: gcc  -c -g -O2  conftest.c >&5
configure:4032: $? = 0
configure:4045: result: none needed
configure:4070: checking whether gcc understands -c and -o together
configure:4092: gcc -c conftest.c -o conftest2.o
configure:4095: $? = 0
configure:4092: gcc -c conftest.c -o conftest2.o
configure:4095: $? = 0
configure:4107: result: yes
configure:4126: checking dependency style of gcc
configure:4237: result: gcc3
configure:4252: checking for a sed that does not truncate output
configure:4316: result: /usr/bin/sed
configure:4334: checking for grep that handles long lines and -e
configure:4392: result: /usr/bin/grep
configure:4397: checking for egrep
configure:4459: result: /usr/bin/grep -E
configure:4464: checking for fgrep
configure:4526: result: /usr/bin/grep -F
configure:4561: checking for ld used by gcc
configure:4628: result: /usr/bin/ld
configure:4635: checking if the linker (/usr/bin/ld) is GNU ld
configure:4650: result: yes
configure:4662: checking for BSD- or MS-compatible name lister (nm)
configure:4716: result: /usr/bin/nm -B
configure:4846: checking the name lister (/usr/bin/nm -B) interface
configure:4853: gcc -c -g -O2  conftest.c >&5
configure:4856: /usr/bin/nm -B "conftest.o"
configure:4859: output
0000000000000000 B some_variable
configure:4860: result: BSD nm
configure:4863: checking whether ln -s works
configure:4867: result: yes
configure:4875: checking the maximum length of command line arguments
configure:5006: result: 1572864
configure:5054: checking how to convert x86_64-pc-linux-gnu file names to x86_64-pc-linux-gnu format
configure:5094: result: func_convert_file_noop
configure:5101: checking how to convert x86_64-pc-linux-gnu file names to toolchain format
configure:5121: result: func_convert_file_noop
configure:5128: checking for /usr/bin/ld option to reload object files
configure:5135: result: -r
configure:5209: checking for objdump
configure:5225: found /usr/bin/objdump
configure:5236: result: objdump
configure:5268: checking how to recognize dependent libraries
configure:5468: result: pass_all
configure:5553: checking for dlltool
configure:5583: result: no
configure:5613: checking how to associate runtime and link libraries
configure:5640: result: printf %s\n
configure:5701: checking for ar
configure:5717: found /usr/bin/ar
configure:5728: result: ar
configure:5765: checking for archiver @FILE support
configure:5782: gcc -c -g -O2  conftest.c >&5
configure:5782: $? = 0
configure:5785: ar cr libconftest.a @conftest.lst >&5
configure:5788: $? = 0
configure:5793: ar cr libconftest.a @conftest.lst >&5
ar: conftest.o: No such file or directory
configure:5796: $? = 1
configure:5795: result: @
configure:5853: checking for strip
configure:5869: found /usr/bin/strip
configure:5880: result: strip
configure:5952: checking for ranlib
configure:5968: found /usr/bin/ranlib
configure:5979: result: ranlib
configure:6081: checking command to parse /usr/bin/nm -B output from gcc object
configure:6234: gcc -c -g -O2  conftest.c >&5
configure:6237: $? = 0
configure:6241: /usr/bin/nm -B conftest.o | sed -n -e 's/^.*[	 ]\([ABCDGIRSTW][ABCDGIRSTW]*\)[	 ][	 ]*\([_A-Za-z][_A-Za-z0-9]*\)$/\1 \2 \2/p' | sed '/ __gnu_lto/d' > conftest.nm
configure:6307: gcc -o conftest -g -O2   conftest.c conftstm.o >&5
configure:6310: $? = 0
configure:6348: result: ok
configure:6395: checking for sysroot
configure:6425: result: no
configure:6432: checking for a working dd
configure:6470: result: /usr/bin/dd
configure:6474: checking how to truncate binary pipes
configure:6489: result: /usr/bin/dd bs=4096 count=1
configure:6625: gcc -c -g -O2  conftest.c >&5
configure:6628: $? = 0
configure:6818: checking for mt
configure:6834: found /usr/bin/mt
configure:6845: result: mt
configure:6868: checking if mt is a manifest tool
configure:6874: mt '-?'
configure:6882: result: no
configure:7559: checking how to run the C preprocessor
configure:7590: gcc -E  conftest.c
configure:7590: $? = 0
configure:7604: gcc -E  conftest.c
conftest.c:11:10: fatal error: ac_nonexistent.h: No such file or directory
   11 | #include <ac_nonexistent.h>
      |          ^~~~~~~~~~~~~~~~~~
compilation terminated.
configure:7604: $? = 1
configure: failed program was:
| /* confdefs.h */
| #define PACKAGE_NAME "anaroot"
| #define PACKAGE_TARNAME "anaroot"
| #define PACKAGE_VERSION "4.5.15"
| #define PACKAGE_STRING "anaroot 4.5.15"
| #define PACKAGE_BUGREPORT "isobe@riken.jp"
| #define PACKAGE_URL ""
| #define PACKAGE "anaroot"
| #define VERSION "4.5.15"
| /* end confdefs.h.  */
| #include <ac_nonexistent.h>
configure:7629: result: gcc -E
configure:7649: gcc -E  conftest.c
configure:7649: $? = 0
configure:7663: gcc -E  conftest.c
conftest.c:11:10: fatal error: ac_nonexistent.h: No such file or directory
   11 | #include <ac_nonexistent.h>
      |          ^~~~~~~~~~~~~~~~~~
compilation terminated.
configure:7663: $? = 1
configure: failed program was:
| /* confdefs.h */
| #define PACKAGE_NAME "anaroot"
| #define PACKAGE_TARNAME "anaroot"
| #define PACKAGE_VERSION "4.5.15"
| #define PACKAGE_STRING "anaroot 4.5.15"
| #define PACKAGE_BUGREPORT "isobe@riken.jp"
| #define PACKAGE_URL ""
| #define PACKAGE "anaroot"
| #define VERSION "4.5.15"
| /* end confdefs.h.  */
| #include <ac_nonexistent.h>
configure:7692: checking for ANSI C header files
configure:7712: gcc -c -g -O2  conftest.c >&5
configure:7712: $? = 0
configure:7785: gcc -o conftest -g -O2   conftest.c  >&5
configure:7785: $? = 0
configure:7785: ./conftest
configure:7785: $? = 0
configure:7796: result: yes
configure:7809: checking for sys/types.h
configure:7809: gcc -c -g -O2  conftest.c >&5
configure:7809: $? = 0
configure:7809: result: yes
configure:7809: checking for sys/stat.h
configure:7809: gcc -c -g -O2  conftest.c >&5
configure:7809: $? = 0
configure:7809: result: yes
configure:7809: checking for stdlib.h
configure:7809: gcc -c -g -O2  conftest.c >&5
configure:7809: $? = 0
configure:7809: result: yes
configure:7809: checking for string.h
configure:7809: gcc -c -g -O2  conftest.c >&5
configure:7809: $? = 0
configure:7809: result: yes
configure:7809: checking for memory.h
configure:7809: gcc -c -g -O2  conftest.c >&5
configure:7809: $? = 0
configure:7809: result: yes
configure:7809: checking for strings.h
configure:7809: gcc -c -g -O2  conftest.c >&5
configure:7809: $? = 0
configure:7809: result: yes
configure:7809: checking for inttypes.h
configure:7809: gcc -c -g -O2  conftest.c >&5
configure:7809: $? = 0
configure:7809: result: yes
configure:7809: checking for stdint.h
configure:7809: gcc -c -g -O2  conftest.c >&5
configure:7809: $? = 0
configure:7809: result: yes
configure:7809: checking for unistd.h
configure:7809: gcc -c -g -O2  conftest.c >&5
configure:7809: $? = 0
configure:7809: result: yes
configure:7823: checking for dlfcn.h
configure:7823: gcc -c -g -O2  conftest.c >&5
configure:7823: $? = 0
configure:7823: result: yes
configure:8049: checking for objdir
configure:8064: result: .libs
configure:8324: checking if gcc supports -fno-rtti -fno-exceptions
configure:8342: gcc -c -g -O2  -fno-rtti -fno-exceptions conftest.c >&5
cc1: warning: command line option '-fno-rtti' is valid for C++/D/ObjC++ but not for C
configure:8346: $? = 0
configure:8359: result: no
configure:8723: checking for gcc option to produce PIC
configure:8730: result: -fPIC -DPIC
configure:8738: checking if gcc PIC flag -fPIC -DPIC works
configure:8756: gcc -c -g -O2  -fPIC -DPIC -DPIC conftest.c >&5
configure:8760: $? = 0
configure:8773: result: yes
configure:8802: checking if gcc static flag -static works
configure:8830: result: yes
configure:8845: checking if gcc supports -c -o file.o
configure:8866: gcc -c -g -O2  -o out/conftest2.o conftest.c >&5
configure:8870: $? = 0
configure:8892: result: yes
configure:8900: checking if gcc supports -c -o file.o
configure:8947: result: yes
configure:8980: checking whether the gcc linker (/usr/bin/ld -m elf_x86_64) supports shared libraries
configure:10243: result: yes
configure:10280: checking whether -lc should be explicitly linked in
configure:10288: gcc -c -g -O2  conftest.c >&5
configure:10291: $? = 0
configure:10306: gcc -shared  -fPIC -DPIC conftest.o  -v -Wl,-soname -Wl,conftest -o conftest 2\>\&1 \| /usr/bin/grep  -lc  \>/dev/null 2\>\&1
configure:10309: $? = 0
configure:10323: result: no
configure:10483: checking dynamic linker characteristics
configure:11064: gcc -o conftest -g -O2   -Wl,-rpath -Wl,/foo conftest.c  >&5
configure:11064: $? = 0
configure:11313: result: GNU/Linux ld.so
configure:11435: checking how to hardcode library paths into programs
configure:11460: result: immediate
configure:12008: checking whether stripping libraries is possible
configure:12013: result: yes
configure:12048: checking if libtool supports shared libraries
configure:12050: result: yes
configure:12053: checking whether to build shared libraries
configure:12078: result: yes
configure:12081: checking whether to build static libraries
configure:12085: result: no
configure:8958: checking for g++
configure:8974: found /usr/bin/g++
configure:8985: result: g++
configure:9012: checking for C++ compiler version
configure:9021: g++ --version >&5
g++ (Ubuntu 9.4.0-1ubuntu1~20.04.1) 9.4.0
Copyright (C) 2019 Free Software Foundation, Inc.
This is free software; see the source for copying conditions.  There is NO
warranty; not even for MERCHANTABILITY or FITNESS FOR A PARTICULAR PURPOSE.

configure:9032: $? = 0
configure:9021: g++ -v >&5
Using built-in specs.
COLLECT_GCC=g++
COLLECT_LTO_WRAPPER=/usr/lib/gcc/x86_64-linux-gnu/9/lto-wrapper
OFFLOAD_TARGET_NAMES=nvptx-none:hsa
OFFLOAD_TARGET_DEFAULT=1
Target: x86_64-linux-gnu
Configured with: ../src/configure -v --with-pkgversion='Ubuntu 9.4.0-1ubuntu1~20.04.1' --with-bugurl=file:///usr/share/doc/gcc-9/README.Bugs --enable-languages=c,ada,c++,go,brig,d,fortran,objc,obj-c++,gm2 --prefix=/usr --with-gcc-major-version-only --program-suffix=-9 --program-prefix=x86_64-linux-gnu- --enable-shared --enable-linker-build-id --libexecdir=/usr/lib --without-included-gettext --enable-threads=posix --libdir=/usr/lib --enable-nls --enable-clocale=gnu --enable-libstdcxx-debug --enable-libstdcxx-time=yes --with-default-libstdcxx-abi=new --enable-gnu-unique-object --disable-vtable-verify --enable-plugin --enable-default-pie --with-system-zlib --with-target-system-zlib=auto --enable-objc-gc=auto --enable-multiarch --disable-werror --with-arch-32=i686 --with-abi=m64 --with-multilib-list=m32,m64,mx32 --enable-multilib --with-tune=generic --enable-offload-targets=nvptx-none=/build/gcc-9-Av3uEd/gcc-9-9.4.0/debian/tmp-nvptx/usr,hsa --without-cuda-driver --enable-checking=release --build=x86_64-linux-gnu --host=x86_64-linux-gnu --target=x86_64-linux-gnu
Thread model: posix
gcc version 9.4.0 (Ubuntu 9.4.0-1ubuntu1~20.04.1) 
configure:9032: $? = 0
configure:9021: g++ -V >&5
g++: error: unrecognized command line option '-V'
g++: fatal error: no input files
compilation terminated.
configure:9032: $? = 1
configure:9021: g++ -qversion >&5
g++: error: unrecognized command line option '-qversion'; did you mean '--version'?
g++: fatal error: no input files
compilation terminated.
configure:9032: $? = 1
configure:9036: checking whether we are using the GNU C++ compiler
configure:9055: g++ -c   conftest.cpp >&5
configure:9055: $? = 0
configure:9064: result: yes
configure:9073: checking whether g++ accepts -g
configure:9093: g++ -c -g  conftest.cpp >&5
configure:9093: $? = 0
configure:9134: result: yes
configure:9159: checking dependency style of g++
configure:9270: result: gcc3
configure:9303: checking how to run the C++ preprocessor
configure:9330: g++ -E  conftest.cpp
configure:9330: $? = 0
configure:9344: g++ -E  conftest.cpp
conftest.cpp:23:10: fatal error: ac_nonexistent.h: No such file or directory
   23 | #include <ac_nonexistent.h>
      |          ^~~~~~~~~~~~~~~~~~
compilation terminated.
configure:9344: $? = 1
configure: failed program was:
| /* confdefs.h */
| #define PACKAGE_NAME "anaroot"
| #define PACKAGE_TARNAME "anaroot"
| #define PACKAGE_VERSION "4.5.15"
| #define PACKAGE_STRING "anaroot 4.5.15"
| #define PACKAGE_BUGREPORT "isobe@riken.jp"
| #define PACKAGE_URL ""
| #define PACKAGE "anaroot"
| #define VERSION "4.5.15"
| #define STDC_HEADERS 1
| #define HAVE_SYS_TYPES_H 1
| #define HAVE_SYS_STAT_H 1
| #define HAVE_STDLIB_H 1
| #define HAVE_STRING_H 1
| #define HAVE_MEMORY_H 1
| #define HAVE_STRINGS_H 1
| #define HAVE_INTTYPES_H 1
| #define HAVE_STDINT_H 1
| #define HAVE_UNISTD_H 1
| #define HAVE_DLFCN_H 1
| #define LT_OBJDIR ".libs/"
| /* end confdefs.h.  */
| #include <ac_nonexistent.h>
configure:9369: result: g++ -E
configure:9389: g++ -E  conftest.cpp
configure:9389: $? = 0
configure:9403: g++ -E  conftest.cpp
conftest.cpp:23:10: fatal error: ac_nonexistent.h: No such file or directory
   23 | #include <ac_nonexistent.h>
      |          ^~~~~~~~~~~~~~~~~~
compilation terminated.
configure:9403: $? = 1
configure: failed program was:
| /* confdefs.h */
| #define PACKAGE_NAME "anaroot"
| #define PACKAGE_TARNAME "anaroot"
| #define PACKAGE_VERSION "4.5.15"
| #define PACKAGE_STRING "anaroot 4.5.15"
| #define PACKAGE_BUGREPORT "isobe@riken.jp"
| #define PACKAGE_URL ""
| #define PACKAGE "anaroot"
| #define VERSION "4.5.15"
| #define STDC_HEADERS 1
| #define HAVE_SYS_TYPES_H 1
| #define HAVE_SYS_STAT_H 1
| #define HAVE_STDLIB_H 1
| #define HAVE_STRING_H 1
| #define HAVE_MEMORY_H 1
| #define HAVE_STRINGS_H 1
| #define HAVE_INTTYPES_H 1
| #define HAVE_STDINT_H 1
| #define HAVE_UNISTD_H 1
| #define HAVE_DLFCN_H 1
| #define LT_OBJDIR ".libs/"
| /* end confdefs.h.  */
| #include <ac_nonexistent.h>
configure:9565: checking for ld used by g++
configure:9632: result: /usr/bin/ld -m elf_x86_64
configure:9639: checking if the linker (/usr/bin/ld -m elf_x86_64) is GNU ld
configure:9654: result: yes
configure:9709: checking whether the g++ linker (/usr/bin/ld -m elf_x86_64) supports shared libraries
configure:10782: result: yes
configure:10818: g++ -c -g -O2  conftest.cpp >&5
configure:10821: $? = 0
configure:11302: checking for g++ option to produce PIC
configure:11309: result: -fPIC -DPIC
configure:11317: checking if g++ PIC flag -fPIC -DPIC works
configure:11335: g++ -c -g -O2  -fPIC -DPIC -DPIC conftest.cpp >&5
configure:11339: $? = 0
configure:11352: result: yes
configure:11375: checking if g++ static flag -static works
configure:11403: result: yes
configure:11415: checking if g++ supports -c -o file.o
configure:11436: g++ -c -g -O2  -o out/conftest2.o conftest.cpp >&5
configure:11440: $? = 0
configure:11462: result: yes
configure:11467: checking if g++ supports -c -o file.o
configure:11514: result: yes
configure:11544: checking whether the g++ linker (/usr/bin/ld -m elf_x86_64) supports shared libraries
configure:11587: result: yes
configure:11728: checking dynamic linker characteristics
configure:12485: result: GNU/Linux ld.so
configure:12550: checking how to hardcode library paths into programs
configure:12575: result: immediate
configure:11558: checking for C compiler version
configure:11567: gcc --version >&5
gcc (Ubuntu 9.4.0-1ubuntu1~20.04.1) 9.4.0
Copyright (C) 2019 Free Software Foundation, Inc.
This is free software; see the source for copying conditions.  There is NO
warranty; not even for MERCHANTABILITY or FITNESS FOR A PARTICULAR PURPOSE.

configure:11578: $? = 0
configure:11567: gcc -v >&5
Using built-in specs.
COLLECT_GCC=gcc
COLLECT_LTO_WRAPPER=/usr/lib/gcc/x86_64-linux-gnu/9/lto-wrapper
OFFLOAD_TARGET_NAMES=nvptx-none:hsa
OFFLOAD_TARGET_DEFAULT=1
Target: x86_64-linux-gnu
Configured with: ../src/configure -v --with-pkgversion='Ubuntu 9.4.0-1ubuntu1~20.04.1' --with-bugurl=file:///usr/share/doc/gcc-9/README.Bugs --enable-languages=c,ada,c++,go,brig,d,fortran,objc,obj-c++,gm2 --prefix=/usr --with-gcc-major-version-only --program-suffix=-9 --program-prefix=x86_64-linux-gnu- --enable-shared --enable-linker-build-id --libexecdir=/usr/lib --without-included-gettext --enable-threads=posix --libdir=/usr/lib --enable-nls --enable-clocale=gnu --enable-libstdcxx-debug --enable-libstdcxx-time=yes --with-default-libstdcxx-abi=new --enable-gnu-unique-object --disable-vtable-verify --enable-plugin --enable-default-pie --with-system-zlib --with-target-system-zlib=auto --enable-objc-gc=auto --enable-multiarch --disable-werror --with-arch-32=i686 --with-abi=m64 --with-multilib-list=m32,m64,mx32 --enable-multilib --with-tune=generic --enable-offload-targets=nvptx-none=/build/gcc-9-Av3uEd/gcc-9-9.4.0/debian/tmp-nvptx/usr,hsa --without-cuda-driver --enable-checking=release --build=x86_64-linux-gnu --host=x86_64-linux-gnu --target=x86_64-linux-gnu
Thread model: posix
gcc version 9.4.0 (Ubuntu 9.4.0-1ubuntu1~20.04.1) 
configure:11578: $? = 0
configure:11567: gcc -V >&5
gcc: error: unrecognized command line option '-V'
gcc: fatal error: no input files
compilation terminated.
configure:11578: $? = 1
configure:11567: gcc -qversion >&5
gcc: error: unrecognized command line option '-qversion'; did you mean '--version'?
gcc: fatal error: no input files
compilation terminated.
configure:11578: $? = 1
configure:11582: checking whether we are using the GNU C compiler
configure:11610: result: yes
configure:11619: checking whether gcc accepts -g
configure:11680: result: yes
configure:11697: checking for gcc option to accept ISO C89
configure:11773: result: none needed
configure:11798: checking whether gcc understands -c and -o together
configure:11835: result: yes
configure:11854: checking dependency style of gcc
configure:11965: result: gcc3
configure:12023: checking for ranlib
configure:12050: result: ranlib
configure:12074: checking for ANSI C header files
configure:12178: result: yes
configure:12189: checking limits.h usability
configure:12189: gcc -c -g -O2  conftest.c >&5
configure:12189: $? = 0
configure:12189: result: yes
configure:12189: checking limits.h presence
configure:12189: gcc -E  conftest.c
configure:12189: $? = 0
configure:12189: result: yes
configure:12189: checking for limits.h
configure:12189: result: yes
configure:12189: checking for stdlib.h
configure:12189: result: yes
configure:12189: checking for string.h
configure:12189: result: yes
configure:12189: checking for strings.h
configure:12189: result: yes
configure:12189: checking for unistd.h
configure:12189: result: yes
configure:12211: checking for stdbool.h that conforms to C99
configure:12278: gcc -c -g -O2  conftest.c >&5
configure:12278: $? = 0
configure:12285: result: yes
configure:12287: checking for _Bool
configure:12287: gcc -c -g -O2  conftest.c >&5
configure:12287: $? = 0
configure:12287: gcc -c -g -O2  conftest.c >&5
conftest.c: In function 'main':
conftest.c:65:20: error: expected expression before ')' token
   65 | if (sizeof ((_Bool)))
      |                    ^
configure:12287: $? = 1
configure: failed program was:
| /* confdefs.h */
| #define PACKAGE_NAME "anaroot"
| #define PACKAGE_TARNAME "anaroot"
| #define PACKAGE_VERSION "4.5.15"
| #define PACKAGE_STRING "anaroot 4.5.15"
| #define PACKAGE_BUGREPORT "isobe@riken.jp"
| #define PACKAGE_URL ""
| #define PACKAGE "anaroot"
| #define VERSION "4.5.15"
| #define STDC_HEADERS 1
| #define HAVE_SYS_TYPES_H 1
| #define HAVE_SYS_STAT_H 1
| #define HAVE_STDLIB_H 1
| #define HAVE_STRING_H 1
| #define HAVE_MEMORY_H 1
| #define HAVE_STRINGS_H 1
| #define HAVE_INTTYPES_H 1
| #define HAVE_STDINT_H 1
| #define HAVE_UNISTD_H 1
| #define HAVE_DLFCN_H 1
| #define LT_OBJDIR ".libs/"
| #define STDC_HEADERS 1
| #define HAVE_LIMITS_H 1
| #define HAVE_STDLIB_H 1
| #define HAVE_STRING_H 1
| #define HAVE_STRINGS_H 1
| #define HAVE_UNISTD_H 1
| /* end confdefs.h.  */
| #include <stdio.h>
| #ifdef HAVE_SYS_TYPES_H
| # include <sys/types.h>
| #endif
| #ifdef HAVE_SYS_STAT_H
| # include <sys/stat.h>
| #endif
| #ifdef STDC_HEADERS
| # include <stdlib.h>
| # include <stddef.h>
| #else
| # ifdef HAVE_STDLIB_H
| #  include <stdlib.h>
| # endif
| #endif
| #ifdef HAVE_STRING_H
| # if !defined STDC_HEADERS && defined HAVE_MEMORY_H
| #  include <memory.h>
| # endif
| # include <string.h>
| #endif
| #ifdef HAVE_STRINGS_H
| # include <strings.h>
| #endif
| #ifdef HAVE_INTTYPES_H
| # include <inttypes.h>
| #endif
| #ifdef HAVE_STDINT_H
| # include <stdint.h>
| #endif
| #ifdef HAVE_UNISTD_H
| # include <unistd.h>
| #endif
| int
| main ()
| {
| if (sizeof ((_Bool)))
| 	    return 0;
|   ;
|   return 0;
| }
configure:12287: result: yes
configure:12304: checking for an ANSI C-conforming const
configure:12370: gcc -c -g -O2  conftest.c >&5
configure:12370: $? = 0
configure:12377: result: yes
configure:12385: checking for inline
configure:12401: gcc -c -g -O2  conftest.c >&5
configure:12401: $? = 0
configure:12409: result: inline
configure:12676: checking for stdlib.h
configure:12676: result: yes
configure:12686: checking for GNU libc compatible malloc
configure:12710: gcc -o conftest -g -O2   conftest.c  >&5
configure:12710: $? = 0
configure:12710: ./conftest
configure:12710: $? = 0
configure:12720: result: yes
configure:12741: checking whether lstat correctly handles trailing slash
configure:12767: gcc -o conftest -g -O2   conftest.c  >&5
configure:12767: $? = 0
configure:12767: ./conftest
configure:12767: $? = 0
configure:12784: result: yes
configure:12803: checking whether stat accepts an empty string
configure:12823: gcc -o conftest -g -O2   conftest.c  >&5
configure:12823: $? = 0
configure:12823: ./conftest
configure:12823: $? = 0
configure:12833: result: no
configure:12851: checking for vprintf
configure:12851: gcc -o conftest -g -O2   conftest.c  >&5
conftest.c:57:6: warning: conflicting types for built-in function 'vprintf'; expected 'int(const char *, __va_list_tag *)' [-Wbuiltin-declaration-mismatch]
   57 | char vprintf ();
      |      ^~~~~~~
conftest.c:45:1: note: 'vprintf' is declared in header '<stdio.h>'
   44 | # include <limits.h>
   45 | #else
configure:12851: $? = 0
configure:12851: result: yes
configure:12857: checking for _doprnt
configure:12857: gcc -o conftest -g -O2   conftest.c  >&5
/usr/bin/ld: /tmp/ccn0o88A.o: in function `main':
/home/wuhongyi/workgithub/DAQ/VMEDAQ/anaroot/conftest.c:69: undefined reference to `_doprnt'
collect2: error: ld returned 1 exit status
configure:12857: $? = 1
configure: failed program was:
| /* confdefs.h */
| #define PACKAGE_NAME "anaroot"
| #define PACKAGE_TARNAME "anaroot"
| #define PACKAGE_VERSION "4.5.15"
| #define PACKAGE_STRING "anaroot 4.5.15"
| #define PACKAGE_BUGREPORT "isobe@riken.jp"
| #define PACKAGE_URL ""
| #define PACKAGE "anaroot"
| #define VERSION "4.5.15"
| #define STDC_HEADERS 1
| #define HAVE_SYS_TYPES_H 1
| #define HAVE_SYS_STAT_H 1
| #define HAVE_STDLIB_H 1
| #define HAVE_STRING_H 1
| #define HAVE_MEMORY_H 1
| #define HAVE_STRINGS_H 1
| #define HAVE_INTTYPES_H 1
| #define HAVE_STDINT_H 1
| #define HAVE_UNISTD_H 1
| #define HAVE_DLFCN_H 1
| #define LT_OBJDIR ".libs/"
| #define STDC_HEADERS 1
| #define HAVE_LIMITS_H 1
| #define HAVE_STDLIB_H 1
| #define HAVE_STRING_H 1
| #define HAVE_STRINGS_H 1
| #define HAVE_UNISTD_H 1
| #define HAVE__BOOL 1
| #define HAVE_STDBOOL_H 1
| #define HAVE_STDLIB_H 1
| #define HAVE_MALLOC 1
| #define LSTAT_FOLLOWS_SLASHED_SYMLINK 1
| #define HAVE_VPRINTF 1
| /* end confdefs.h.  */
| /* Define _doprnt to an innocuous variant, in case <limits.h> declares _doprnt.
|    For example, HP-UX 11i <limits.h> declares gettimeofday.  */
| #define _doprnt innocuous__doprnt
| 
| /* System header to define __stub macros and hopefully few prototypes,
|     which can conflict with char _doprnt (); below.
|     Prefer <limits.h> to <assert.h> if __STDC__ is defined, since
|     <limits.h> exists even on freestanding compilers.  */
| 
| #ifdef __STDC__
| # include <limits.h>
| #else
| # include <assert.h>
| #endif
| 
| #undef _doprnt
| 
| /* Override any GCC internal prototype to avoid an error.
|    Use char because int might match the return type of a GCC
|    builtin and then its argument prototype would still apply.  */
| #ifdef __cplusplus
| extern "C"
| #endif
| char _doprnt ();
| /* The GNU C library defines this for functions which it implements
|     to always fail with ENOSYS.  Some functions are actually named
|     something starting with __ and the normal name is an alias.  */
| #if defined __stub__doprnt || defined __stub____doprnt
| choke me
| #endif
| 
| int
| main ()
| {
| return _doprnt ();
|   ;
|   return 0;
| }
configure:12857: result: no
configure:12871: checking for bzero
configure:12871: gcc -o conftest -g -O2   conftest.c  >&5
conftest.c:58:6: warning: conflicting types for built-in function 'bzero'; expected 'void(void *, long unsigned int)' [-Wbuiltin-declaration-mismatch]
   58 | char bzero ();
      |      ^~~~~
configure:12871: $? = 0
configure:12871: result: yes
configure:12871: checking for memset
configure:12871: gcc -o conftest -g -O2   conftest.c  >&5
conftest.c:59:6: warning: conflicting types for built-in function 'memset'; expected 'void *(void *, int,  long unsigned int)' [-Wbuiltin-declaration-mismatch]
   59 | char memset ();
      |      ^~~~~~
conftest.c:47:1: note: 'memset' is declared in header '<string.h>'
   46 | # include <limits.h>
   47 | #else
configure:12871: $? = 0
configure:12871: result: yes
configure:12871: checking for strpbrk
configure:12871: gcc -o conftest -g -O2   conftest.c  >&5
conftest.c:60:6: warning: conflicting types for built-in function 'strpbrk'; expected 'char *(const char *, const char *)' [-Wbuiltin-declaration-mismatch]
   60 | char strpbrk ();
      |      ^~~~~~~
conftest.c:48:1: note: 'strpbrk' is declared in header '<string.h>'
   47 | # include <limits.h>
   48 | #else
configure:12871: $? = 0
configure:12871: result: yes
configure:12871: checking for strtol
configure:12871: gcc -o conftest -g -O2   conftest.c  >&5
configure:12871: $? = 0
configure:12871: result: yes
configure:12997: checking that generated files are newer than configure
configure:13003: result: done
configure:13038: creating ./config.status

## ---------------------- ##
## Running config.status. ##
## ---------------------- ##

This file was extended by anaroot config.status 4.5.15, which was
generated by GNU Autoconf 2.69.  Invocation command line was

  CONFIG_FILES    = 
  CONFIG_HEADERS  = 
  CONFIG_LINKS    = 
  CONFIG_COMMANDS = 
  $ ./config.status 

on wuhongyi-ubuntu

config.status:1171: creating Makefile
config.status:1171: creating sources/Makefile
config.status:1171: creating sources/Core/Makefile
config.status:1171: creating sources/Core/include/TArtConfig.hh
config.status:1352: sources/Core/include/TArtConfig.hh is unchanged
config.status:1400: executing depfiles commands
config.status:1477: cd sources/Core       && sed -e '/# am--include-marker/d' Makefile         | make -f - am--depfiles
make: Nothing to be done for 'am--depfiles'.
config.status:1482: $? = 0
config.status:1400: executing libtool commands
configure:15444: WARNING: unrecognized options: --enable-maintainer-mode

## ---------------- ##
## Cache variables. ##
## ---------------- ##

ac_cv_build=x86_64-pc-linux-gnu
ac_cv_c_compiler_gnu=yes
ac_cv_c_const=yes
ac_cv_c_inline=inline
ac_cv_cxx_compiler_gnu=yes
ac_cv_env_CCC_set=
ac_cv_env_CCC_value=
ac_cv_env_CC_set=
ac_cv_env_CC_value=
ac_cv_env_CFLAGS_set=
ac_cv_env_CFLAGS_value=
ac_cv_env_CPPFLAGS_set=
ac_cv_env_CPPFLAGS_value=
ac_cv_env_CPP_set=
ac_cv_env_CPP_value=
ac_cv_env_CXXCPP_set=
ac_cv_env_CXXCPP_value=
ac_cv_env_CXXFLAGS_set=
ac_cv_env_CXXFLAGS_value=
ac_cv_env_CXX_set=
ac_cv_env_CXX_value=
ac_cv_env_LDFLAGS_set=
ac_cv_env_LDFLAGS_value=
ac_cv_env_LIBS_set=
ac_cv_env_LIBS_value=
ac_cv_env_LT_SYS_LIBRARY_PATH_set=
ac_cv_env_LT_SYS_LIBRARY_PATH_value=
ac_cv_env_MINOS_FEM_CFLAGS_set=
ac_cv_env_MINOS_FEM_CFLAGS_value=
ac_cv_env_MINOS_FEM_LIBS_set=
ac_cv_env_MINOS_FEM_LIBS_value=
ac_cv_env_PKG_CONFIG_LIBDIR_set=
ac_cv_env_PKG_CONFIG_LIBDIR_value=
ac_cv_env_PKG_CONFIG_PATH_set=
ac_cv_env_PKG_CONFIG_PATH_value=
ac_cv_env_PKG_CONFIG_set=
ac_cv_env_PKG_CONFIG_value=
ac_cv_env_build_alias_set=
ac_cv_env_build_alias_value=
ac_cv_env_host_alias_set=
ac_cv_env_host_alias_value=
ac_cv_env_target_alias_set=
ac_cv_env_target_alias_value=
ac_cv_func__doprnt=no
ac_cv_func_bzero=yes
ac_cv_func_lstat_dereferences_slashed_symlink=yes
ac_cv_func_malloc_0_nonnull=yes
ac_cv_func_memset=yes
ac_cv_func_stat_empty_string_bug=no
ac_cv_func_strpbrk=yes
ac_cv_func_strtol=yes
ac_cv_func_vprintf=yes
ac_cv_header_dlfcn_h=yes
ac_cv_header_inttypes_h=yes
ac_cv_header_limits_h=yes
ac_cv_header_memory_h=yes
ac_cv_header_stdbool_h=yes
ac_cv_header_stdc=yes
ac_cv_header_stdint_h=yes
ac_cv_header_stdlib_h=yes
ac_cv_header_string_h=yes
ac_cv_header_strings_h=yes
ac_cv_header_sys_stat_h=yes
ac_cv_header_sys_types_h=yes
ac_cv_header_unistd_h=yes
ac_cv_host=x86_64-pc-linux-gnu
ac_cv_objext=o
ac_cv_path_EGREP='/usr/bin/grep -E'
ac_cv_path_FGREP='/usr/bin/grep -F'
ac_cv_path_GREP=/usr/bin/grep
ac_cv_path_SED=/usr/bin/sed
ac_cv_path_install='/usr/bin/install -c'
ac_cv_path_lt_DD=/usr/bin/dd
ac_cv_path_mkdir=/usr/bin/mkdir
ac_cv_prog_AWK=mawk
ac_cv_prog_CPP='gcc -E'
ac_cv_prog_CXXCPP='g++ -E'
ac_cv_prog_ac_ct_AR=ar
ac_cv_prog_ac_ct_CC=gcc
ac_cv_prog_ac_ct_CXX=g++
ac_cv_prog_ac_ct_MANIFEST_TOOL=mt
ac_cv_prog_ac_ct_OBJDUMP=objdump
ac_cv_prog_ac_ct_RANLIB=ranlib
ac_cv_prog_ac_ct_STRIP=strip
ac_cv_prog_cc_c89=
ac_cv_prog_cc_g=yes
ac_cv_prog_cxx_g=yes
ac_cv_prog_make_make_set=yes
ac_cv_type__Bool=yes
am_cv_CC_dependencies_compiler_type=gcc3
am_cv_CXX_dependencies_compiler_type=gcc3
am_cv_make_support_nested_variables=yes
am_cv_prog_cc_c_o=yes
lt_cv_ar_at_file=@
lt_cv_archive_cmds_need_lc=no
lt_cv_deplibs_check_method=pass_all
lt_cv_file_magic_cmd='$MAGIC_CMD'
lt_cv_file_magic_test_file=
lt_cv_ld_reload_flag=-r
lt_cv_nm_interface='BSD nm'
lt_cv_objdir=.libs
lt_cv_path_LD=/usr/bin/ld
lt_cv_path_LDCXX='/usr/bin/ld -m elf_x86_64'
lt_cv_path_NM='/usr/bin/nm -B'
lt_cv_path_mainfest_tool=no
lt_cv_prog_compiler_c_o=yes
lt_cv_prog_compiler_c_o_CXX=yes
lt_cv_prog_compiler_pic='-fPIC -DPIC'
lt_cv_prog_compiler_pic_CXX='-fPIC -DPIC'
lt_cv_prog_compiler_pic_works=yes
lt_cv_prog_compiler_pic_works_CXX=yes
lt_cv_prog_compiler_rtti_exceptions=no
lt_cv_prog_compiler_static_works=yes
lt_cv_prog_compiler_static_works_CXX=yes
lt_cv_prog_gnu_ld=yes
lt_cv_prog_gnu_ldcxx=yes
lt_cv_sharedlib_from_linklib_cmd='printf %s\n'
lt_cv_shlibpath_overrides_runpath=yes
lt_cv_sys_global_symbol_pipe='sed -n -e '\''s/^.*[	 ]\([ABCDGIRSTW][ABCDGIRSTW]*\)[	 ][	 ]*\([_A-Za-z][_A-Za-z0-9]*\)$/\1 \2 \2/p'\'' | sed '\''/ __gnu_lto/d'\'''
lt_cv_sys_global_symbol_to_c_name_address='sed -n -e '\''s/^: \(.*\) .*$/  {"\1", (void *) 0},/p'\'' -e '\''s/^[ABCDGIRSTW][ABCDGIRSTW]* .* \(.*\)$/  {"\1", (void *) \&\1},/p'\'''
lt_cv_sys_global_symbol_to_c_name_address_lib_prefix='sed -n -e '\''s/^: \(.*\) .*$/  {"\1", (void *) 0},/p'\'' -e '\''s/^[ABCDGIRSTW][ABCDGIRSTW]* .* \(lib.*\)$/  {"\1", (void *) \&\1},/p'\'' -e '\''s/^[ABCDGIRSTW][ABCDGIRSTW]* .* \(.*\)$/  {"lib\1", (void *) \&\1},/p'\'''
lt_cv_sys_global_symbol_to_cdecl='sed -n -e '\''s/^T .* \(.*\)$/extern int \1();/p'\'' -e '\''s/^[ABCDGIRSTW][ABCDGIRSTW]* .* \(.*\)$/extern char \1;/p'\'''
lt_cv_sys_global_symbol_to_import=
lt_cv_sys_max_cmd_len=1572864
lt_cv_to_host_file_cmd=func_convert_file_noop
lt_cv_to_tool_file_cmd=func_convert_file_noop
lt_cv_truncate_bin='/usr/bin/dd bs=4096 count=1'

## ----------------- ##
## Output variables. ##
## ----------------- ##

ACLOCAL='${SHELL} /home/wuhongyi/workgithub/DAQ/VMEDAQ/anaroot/missing aclocal-1.16'
AMDEPBACKSLASH='\'
AMDEP_FALSE='#'
AMDEP_TRUE=''
AMTAR='$${TAR-tar}'
AM_BACKSLASH='\'
AM_DEFAULT_V='$(AM_DEFAULT_VERBOSITY)'
AM_DEFAULT_VERBOSITY='1'
AM_V='$(V)'
AR='ar'
AUTOCONF='${SHELL} /home/wuhongyi/workgithub/DAQ/VMEDAQ/anaroot/missing autoconf'
AUTOHEADER='${SHELL} /home/wuhongyi/workgithub/DAQ/VMEDAQ/anaroot/missing autoheader'
AUTOMAKE='${SHELL} /home/wuhongyi/workgithub/DAQ/VMEDAQ/anaroot/missing automake-1.16'
AWK='mawk'
CC='gcc'
CCDEPMODE='depmode=gcc3'
CFLAGS='-g -O2'
CPP='gcc -E'
CPPFLAGS=''
CXX='g++'
CXXCPP='g++ -E'
CXXDEPMODE='depmode=gcc3'
CXXFLAGS='-g -O2'
CYGPATH_W='echo'
DEFS='-DHAVE_CONFIG_H'
DEPDIR='.deps'
DLLTOOL='false'
DSYMUTIL=''
DUMPBIN=''
ECHO_C=''
ECHO_N='-n'
ECHO_T=''
EGREP='/usr/bin/grep -E'
EXEEXT=''
FGREP='/usr/bin/grep -F'
GREP='/usr/bin/grep'
INSTALL_DATA='${INSTALL} -m 644'
INSTALL_PROGRAM='${INSTALL}'
INSTALL_SCRIPT='${INSTALL}'
INSTALL_STRIP_PROGRAM='$(install_sh) -c -s'
LD='/usr/bin/ld -m elf_x86_64'
LDFLAGS=''
LIBOBJS=''
LIBS=''
LIBTOOL='$(SHELL) $(top_builddir)/libtool'
LIPO=''
LN_S='ln -s'
LTLIBOBJS=''
LT_SYS_LIBRARY_PATH=''
MAKEINFO='${SHELL} /home/wuhongyi/workgithub/DAQ/VMEDAQ/anaroot/missing makeinfo'
MANIFEST_TOOL=':'
MINOS_FEM_CFLAGS=''
MINOS_FEM_LIBS=''
MKDIR_P='/usr/bin/mkdir -p'
NM='/usr/bin/nm -B'
NMEDIT=''
OBJDUMP='objdump'
OBJEXT='o'
OTOOL64=''
OTOOL=''
PACKAGE='anaroot'
PACKAGE_BUGREPORT='isobe@riken.jp'
PACKAGE_NAME='anaroot'
PACKAGE_STRING='anaroot 4.5.15'
PACKAGE_TARNAME='anaroot'
PACKAGE_URL=''
PACKAGE_VERSION='4.5.15'
PATH_SEPARATOR=':'
PKG_CONFIG=''
PKG_CONFIG_LIBDIR=''
PKG_CONFIG_PATH=''
RANLIB='ranlib'
ROOTLIBS='-L/opt/ROOT/root62402/lib -lGui -lCore -lImt -lRIO -lNet -lHist -lGraf -lGraf3d -lGpad -lROOTVecOps -lTree -lTreePlayer -lRint -lPostscript -lMatrix -lPhysics -lMathCore -lThread -lMultiProc -lROOTDataFrame -pthread -lm -ldl -rdynamic'
SED='/usr/bin/sed'
SET_MAKE=''
SHELL='/bin/bash'
STRIP='strip'
USE_MINOS_FALSE=''
USE_MINOS_TRUE='#'
VERSION='4.5.15'
X11DIR='/usr/lib64'
ac_ct_AR='ar'
ac_ct_CC='gcc'
ac_ct_CXX='g++'
ac_ct_DUMPBIN=''
am__EXEEXT_FALSE=''
am__EXEEXT_TRUE='#'
am__fastdepCC_FALSE='#'
am__fastdepCC_TRUE=''
am__fastdepCXX_FALSE='#'
am__fastdepCXX_TRUE=''
am__include='include'
am__isrc=''
am__leading_dot='.'
am__nodep='_no'
am__quote=''
am__tar='$${TAR-tar} chof - "$$tardir"'
am__untar='$${TAR-tar} xf -'
bindir='${exec_prefix}/bin'
build='x86_64-pc-linux-gnu'
build_alias=''
build_cpu='x86_64'
build_os='linux-gnu'
build_vendor='pc'
datadir='${datarootdir}'
datarootdir='${prefix}/share'
docdir='${datarootdir}/doc/${PACKAGE_TARNAME}'
dvidir='${docdir}'
exec_prefix='${prefix}'
host='x86_64-pc-linux-gnu'
host_alias=''
host_cpu='x86_64'
host_os='linux-gnu'
host_vendor='pc'
htmldir='${docdir}'
includedir='${prefix}/include'
infodir='${datarootdir}/info'
install_sh='${SHELL} /home/wuhongyi/workgithub/DAQ/VMEDAQ/anaroot/install-sh'
libdir='${exec_prefix}/lib'
libexecdir='${exec_prefix}/libexec'
localedir='${datarootdir}/locale'
localstatedir='${prefix}/var'
mandir='${datarootdir}/man'
mkdir_p='$(MKDIR_P)'
oldincludedir='/usr/include'
pdfdir='${docdir}'
prefix='/home/wuhongyi/workgithub/DAQ/VMEDAQ/anaroot'
program_transform_name='s,x,x,'
psdir='${docdir}'
runstatedir='${localstatedir}/run'
sbindir='${exec_prefix}/sbin'
sharedstatedir='${prefix}/com'
sysconfdir='${prefix}/etc'
target_alias=''

## ----------- ##
## confdefs.h. ##
## ----------- ##

/* confdefs.h */
#define PACKAGE_NAME "anaroot"
#define PACKAGE_TARNAME "anaroot"
#define PACKAGE_VERSION "4.5.15"
#define PACKAGE_STRING "anaroot 4.5.15"
#define PACKAGE_BUGREPORT "isobe@riken.jp"
#define PACKAGE_URL ""
#define PACKAGE "anaroot"
#define VERSION "4.5.15"
#define STDC_HEADERS 1
#define HAVE_SYS_TYPES_H 1
#define HAVE_SYS_STAT_H 1
#define HAVE_STDLIB_H 1
#define HAVE_STRING_H 1
#define HAVE_MEMORY_H 1
#define HAVE_STRINGS_H 1
#define HAVE_INTTYPES_H 1
#define HAVE_STDINT_H 1
#define HAVE_UNISTD_H 1
#define HAVE_DLFCN_H 1
#define LT_OBJDIR ".libs/"
#define STDC_HEADERS 1
#define HAVE_LIMITS_H 1
#define HAVE_STDLIB_H 1
#define HAVE_STRING_H 1
#define HAVE_STRINGS_H 1
#define HAVE_UNISTD_H 1
#define HAVE__BOOL 1
#define HAVE_STDBOOL_H 1
#define HAVE_STDLIB_H 1
#define HAVE_MALLOC 1
#define LSTAT_FOLLOWS_SLASHED_SYMLINK 1
#define HAVE_VPRINTF 1
#define HAVE_BZERO 1
#define HAVE_MEMSET 1
#define HAVE_STRPBRK 1
#define HAVE_STRTOL 1

configure: exit 0
